<?xml version="1.0" encoding="UTF-8"?>
<coverage generated="1749791847">
  <project timestamp="1749791847" name="Clover Coverage">
    <package name="App\Console\Commands">
      <file name="/home/runner/work/statusphere/statusphere/app/Console/Commands/CreateStatusCommand.php">
        <class name="App\Console\Commands\CreateStatusCommand" namespace="App\Console\Commands">
          <metrics complexity="1" methods="1" coveredmethods="1" conditionals="0" coveredconditionals="0" statements="13" coveredstatements="13" elements="14" coveredelements="14"/>
        </class>
        <line num="29" type="method" name="handle" visibility="public" complexity="1" crap="1" count="1"/>
        <line num="31" type="stmt" count="1"/>
        <line num="33" type="stmt" count="1"/>
        <line num="35" type="stmt" count="1"/>
        <line num="37" type="stmt" count="1"/>
        <line num="38" type="stmt" count="1"/>
        <line num="39" type="stmt" count="1"/>
        <line num="40" type="stmt" count="1"/>
        <line num="41" type="stmt" count="1"/>
        <line num="42" type="stmt" count="1"/>
        <line num="43" type="stmt" count="1"/>
        <line num="44" type="stmt" count="1"/>
        <line num="46" type="stmt" count="1"/>
        <line num="48" type="stmt" count="1"/>
        <metrics loc="51" ncloc="38" classes="1" methods="1" coveredmethods="1" conditionals="0" coveredconditionals="0" statements="13" coveredstatements="13" elements="14" coveredelements="14"/>
      </file>
    </package>
    <package name="App\Http\Controllers">
      <file name="/home/runner/work/statusphere/statusphere/app/Http/Controllers/Controller.php">
        <class name="App\Http\Controllers\Controller" namespace="App\Http\Controllers">
          <metrics complexity="0" methods="0" coveredmethods="0" conditionals="0" coveredconditionals="0" statements="0" coveredstatements="0" elements="0" coveredelements="0"/>
        </class>
        <metrics loc="9" ncloc="8" classes="0" methods="0" coveredmethods="0" conditionals="0" coveredconditionals="0" statements="0" coveredstatements="0" elements="0" coveredelements="0"/>
      </file>
    </package>
    <package name="App\Listeners">
      <file name="/home/runner/work/statusphere/statusphere/app/Listeners/StatusListener.php">
        <class name="App\Listeners\StatusListener" namespace="App\Listeners">
          <metrics complexity="4" methods="2" coveredmethods="2" conditionals="0" coveredconditionals="0" statements="9" coveredstatements="9" elements="11" coveredelements="11"/>
        </class>
        <line num="15" type="method" name="__construct" visibility="public" complexity="1" crap="1" count="3"/>
        <line num="18" type="stmt" count="3"/>
        <line num="23" type="method" name="handle" visibility="public" complexity="3" crap="3" count="3"/>
        <line num="25" type="stmt" count="3"/>
        <line num="26" type="stmt" count="1"/>
        <line num="29" type="stmt" count="2"/>
        <line num="30" type="stmt" count="2"/>
        <line num="31" type="stmt" count="1"/>
        <line num="34" type="stmt" count="1"/>
        <line num="35" type="stmt" count="1"/>
        <line num="36" type="stmt" count="1"/>
        <metrics loc="41" ncloc="33" classes="1" methods="2" coveredmethods="2" conditionals="0" coveredconditionals="0" statements="9" coveredstatements="9" elements="11" coveredelements="11"/>
      </file>
    </package>
    <package name="App\Models">
      <file name="/home/runner/work/statusphere/statusphere/app/Models/User.php">
        <class name="App\Models\User" namespace="App\Models">
          <metrics complexity="3" methods="2" coveredmethods="1" conditionals="0" coveredconditionals="0" statements="14" coveredstatements="13" elements="16" coveredelements="14"/>
        </class>
        <line num="48" type="method" name="casts" visibility="protected" complexity="1" crap="1" count="1"/>
        <line num="50" type="stmt" count="1"/>
        <line num="56" type="method" name="status" visibility="protected" complexity="2" crap="2.00" count="1"/>
        <line num="58" type="stmt" count="1"/>
        <line num="59" type="stmt" count="1"/>
        <line num="60" type="stmt" count="1"/>
        <line num="61" type="stmt" count="1"/>
        <line num="62" type="stmt" count="1"/>
        <line num="63" type="stmt" count="1"/>
        <line num="65" type="stmt" count="1"/>
        <line num="67" type="stmt" count="1"/>
        <line num="68" type="stmt" count="0"/>
        <line num="71" type="stmt" count="1"/>
        <line num="72" type="stmt" count="1"/>
        <line num="74" type="stmt" count="1"/>
        <line num="75" type="stmt" count="1"/>
        <metrics loc="78" ncloc="58" classes="1" methods="2" coveredmethods="1" conditionals="0" coveredconditionals="0" statements="14" coveredstatements="13" elements="16" coveredelements="14"/>
      </file>
    </package>
    <package name="App\Providers">
      <file name="/home/runner/work/statusphere/statusphere/app/Providers/AppServiceProvider.php">
        <class name="App\Providers\AppServiceProvider" namespace="App\Providers">
          <metrics complexity="2" methods="2" coveredmethods="2" conditionals="0" coveredconditionals="0" statements="2" coveredstatements="2" elements="4" coveredelements="4"/>
        </class>
        <line num="12" type="method" name="register" visibility="public" complexity="1" crap="1" count="6"/>
        <line num="15" type="stmt" count="6"/>
        <line num="20" type="method" name="boot" visibility="public" complexity="1" crap="1" count="6"/>
        <line num="23" type="stmt" count="6"/>
        <metrics loc="25" ncloc="17" classes="1" methods="2" coveredmethods="2" conditionals="0" coveredconditionals="0" statements="2" coveredstatements="2" elements="4" coveredelements="4"/>
      </file>
      <file name="/home/runner/work/statusphere/statusphere/app/Providers/VoltServiceProvider.php">
        <class name="App\Providers\VoltServiceProvider" namespace="App\Providers">
          <metrics complexity="2" methods="2" coveredmethods="2" conditionals="0" coveredconditionals="0" statements="5" coveredstatements="5" elements="7" coveredelements="7"/>
        </class>
        <line num="13" type="method" name="register" visibility="public" complexity="1" crap="1" count="6"/>
        <line num="16" type="stmt" count="6"/>
        <line num="21" type="method" name="boot" visibility="public" complexity="1" crap="1" count="6"/>
        <line num="23" type="stmt" count="6"/>
        <line num="24" type="stmt" count="6"/>
        <line num="25" type="stmt" count="6"/>
        <line num="26" type="stmt" count="6"/>
        <metrics loc="29" ncloc="22" classes="1" methods="2" coveredmethods="2" conditionals="0" coveredconditionals="0" statements="5" coveredstatements="5" elements="7" coveredelements="7"/>
      </file>
    </package>
    <package name="App\Record">
      <file name="/home/runner/work/statusphere/statusphere/app/Record/Status.php">
        <class name="App\Record\Status" namespace="App\Record">
          <metrics complexity="2" methods="2" coveredmethods="2" conditionals="0" coveredconditionals="0" statements="2" coveredstatements="2" elements="4" coveredelements="4"/>
        </class>
        <line num="23" type="method" name="__construct" visibility="public" complexity="1" crap="1" count="1"/>
        <line num="25" type="stmt" count="1"/>
        <line num="28" type="method" name="create" visibility="public" complexity="1" crap="1" count="1"/>
        <line num="30" type="stmt" count="1"/>
        <metrics loc="33" ncloc="33" classes="1" methods="2" coveredmethods="2" conditionals="0" coveredconditionals="0" statements="2" coveredstatements="2" elements="4" coveredelements="4"/>
      </file>
    </package>
    <metrics files="7" loc="266" ncloc="209" classes="6" methods="11" coveredmethods="10" conditionals="0" coveredconditionals="0" statements="45" coveredstatements="44" elements="56" coveredelements="54"/>
  </project>
</coverage>
